DEBUG   2021-07-25 10:51:37,906 [http-nio-5000-exec-5] com.gsu21se45.controller.DistrictController  - Begin inside DistrictController.get()
DEBUG   2021-07-25 10:51:38,060 [http-nio-5000-exec-5] com.gsu21se45.controller.DistrictController  - End inside DistrictController.get()
DEBUG   2021-09-13 23:39:21,860 [http-nio-5000-exec-5] com.gsu21se45.controller.DealController  - Begin inside DealController.getAllByConversationId()
DEBUG   2021-09-13 23:39:59,924 [http-nio-5000-exec-2] com.gsu21se45.controller.UserController  - Begin inside UserController.get()
DEBUG   2021-09-13 23:42:57,936 [http-nio-5000-exec-10] com.gsu21se45.controller.UserController  - Begin inside UserController.get()
DEBUG   2021-09-14 00:38:47,055 [http-nio-5000-exec-9] com.gsu21se45.controller.DealController  - Begin inside DealController.getAllByConversationId()
DEBUG   2021-09-14 00:38:47,336 [http-nio-5000-exec-9] com.gsu21se45.controller.DealController  - End inside DealController.getAllByConversationId()
DEBUG   2021-09-14 00:43:59,963 [http-nio-5000-exec-2] com.gsu21se45.controller.ConversationController  - Begin inside ConversationController.getAllMessageByConversation()
DEBUG   2021-09-14 00:44:00,357 [http-nio-5000-exec-2] com.gsu21se45.controller.ConversationController  - End inside ConversationController.getAllMessageByConversation()
DEBUG   2021-09-14 00:47:26,929 [http-nio-5000-exec-4] com.gsu21se45.controller.ConversationController  - Begin inside ConversationController.getAllMessageByConversation()
DEBUG   2021-09-14 00:47:27,289 [http-nio-5000-exec-4] com.gsu21se45.controller.ConversationController  - End inside ConversationController.getAllMessageByConversation()
DEBUG   2021-09-14 00:47:58,994 [http-nio-5000-exec-7] com.gsu21se45.controller.ConversationController  - Begin inside ConversationController.getBuyerIdByCloseSaleAppointment()
DEBUG   2021-09-14 00:47:59,049 [http-nio-5000-exec-7] com.gsu21se45.controller.ConversationController  - End inside ConversationController.getBuyerIdByCloseSaleAppointment()
DEBUG   2021-09-14 00:48:30,630 [http-nio-5000-exec-8] com.gsu21se45.controller.ConversationController  - Begin inside ConversationController.getBuyerIdByCloseSaleAppointment()
DEBUG   2021-09-14 00:48:30,632 [http-nio-5000-exec-8] com.gsu21se45.controller.ConversationController  - End inside ConversationController.getBuyerIdByCloseSaleAppointment()
DEBUG   2021-09-14 00:48:45,908 [http-nio-5000-exec-6] com.gsu21se45.controller.ConversationController  - Begin inside ConversationController.getBuyerIdByCloseSaleAppointment()
DEBUG   2021-09-14 00:48:45,910 [http-nio-5000-exec-6] com.gsu21se45.controller.ConversationController  - End inside ConversationController.getBuyerIdByCloseSaleAppointment()
DEBUG   2021-09-14 00:48:52,204 [http-nio-5000-exec-9] com.gsu21se45.controller.ConversationController  - Begin inside ConversationController.getBuyerIdByCloseSaleAppointment()
DEBUG   2021-09-14 00:48:52,215 [http-nio-5000-exec-9] com.gsu21se45.controller.ConversationController  - End inside ConversationController.getBuyerIdByCloseSaleAppointment()
DEBUG   2021-09-14 00:49:34,657 [http-nio-5000-exec-1] com.gsu21se45.controller.AppointmentController  - Begin inside AppointmentController.getAllByBuyerId()
DEBUG   2021-09-14 00:49:34,660 [http-nio-5000-exec-1] com.gsu21se45.controller.AppointmentController  - End inside AppointmentController.getAllByBuyerId()
DEBUG   2021-09-14 00:49:52,628 [http-nio-5000-exec-2] com.gsu21se45.controller.AppointmentController  - Begin inside AppointmentController.getAllByBuyerId()
DEBUG   2021-09-14 00:49:52,891 [http-nio-5000-exec-2] com.gsu21se45.controller.AppointmentController  - End inside AppointmentController.getAllByBuyerId()
DEBUG   2021-09-14 00:50:34,239 [http-nio-5000-exec-4] com.gsu21se45.controller.AppointmentController  - Begin inside AppointmentController.getAllByStaffId()
DEBUG   2021-09-14 00:50:34,290 [http-nio-5000-exec-4] com.gsu21se45.controller.AppointmentController  - End inside AppointmentController.getAllByStaffId()
DEBUG   2021-09-14 00:50:57,875 [http-nio-5000-exec-7] com.gsu21se45.controller.AppointmentController  - Begin inside AppointmentController.getAllBySellerId()
DEBUG   2021-09-14 00:50:57,880 [http-nio-5000-exec-7] com.gsu21se45.controller.AppointmentController  - End inside AppointmentController.getAllBySellerId()
DEBUG   2021-09-14 00:51:06,021 [http-nio-5000-exec-6] com.gsu21se45.controller.AppointmentController  - Begin inside AppointmentController.getAllBySellerId()
DEBUG   2021-09-14 00:51:06,035 [http-nio-5000-exec-6] com.gsu21se45.controller.AppointmentController  - End inside AppointmentController.getAllBySellerId()
DEBUG   2021-09-14 01:03:02,822 [http-nio-5000-exec-1] com.gsu21se45.controller.AppointmentController  - Begin inside AppointmentController.create()
DEBUG   2021-09-14 01:03:02,956 [http-nio-5000-exec-1] com.gsu21se45.controller.AppointmentController  - End inside AppointmentController.create()
DEBUG   2021-09-14 01:03:22,860 [http-nio-5000-exec-10] com.gsu21se45.controller.AppointmentController  - Begin inside AppointmentController.create()
DEBUG   2021-09-14 01:03:22,910 [http-nio-5000-exec-10] com.gsu21se45.controller.AppointmentController  - End inside AppointmentController.create()
DEBUG   2021-09-14 01:03:46,888 [http-nio-5000-exec-2] com.gsu21se45.controller.AppointmentController  - Begin inside AppointmentController.create()
DEBUG   2021-09-14 01:03:46,902 [http-nio-5000-exec-2] com.gsu21se45.controller.AppointmentController  - End inside AppointmentController.create()
DEBUG   2021-09-14 01:04:02,770 [http-nio-5000-exec-3] com.gsu21se45.controller.AppointmentController  - Begin inside AppointmentController.create()
DEBUG   2021-09-14 01:04:02,780 [http-nio-5000-exec-3] com.gsu21se45.controller.AppointmentController  - End inside AppointmentController.create()
DEBUG   2021-09-14 01:04:08,747 [http-nio-5000-exec-4] com.gsu21se45.controller.AppointmentController  - Begin inside AppointmentController.create()
DEBUG   2021-09-14 01:04:08,763 [http-nio-5000-exec-4] com.gsu21se45.controller.AppointmentController  - End inside AppointmentController.create()
DEBUG   2021-09-14 01:04:28,962 [http-nio-5000-exec-5] com.gsu21se45.controller.AppointmentController  - Begin inside AppointmentController.create()
DEBUG   2021-09-14 01:04:29,011 [http-nio-5000-exec-5] com.gsu21se45.controller.AppointmentController  - End inside AppointmentController.create()
DEBUG   2021-09-16 17:13:19,113 [http-nio-5000-exec-4] com.gsu21se45.controller.UserController  - Begin inside UserController.get()
DEBUG   2021-09-16 17:13:20,941 [http-nio-5000-exec-4] com.gsu21se45.controller.UserController  - End inside UserController.get()
DEBUG   2021-09-16 17:13:42,084 [http-nio-5000-exec-1] com.gsu21se45.controller.UserController  - Begin inside UserController.get()
DEBUG   2021-09-16 17:13:42,142 [http-nio-5000-exec-1] com.gsu21se45.controller.UserController  - End inside UserController.get()
DEBUG   2021-09-16 17:15:01,826 [http-nio-5000-exec-3] com.gsu21se45.controller.AppointmentController  - Begin inside AppointmentController.getAllBySellerId()
DEBUG   2021-09-16 17:15:01,860 [http-nio-5000-exec-3] com.gsu21se45.controller.AppointmentController  - End inside AppointmentController.getAllBySellerId()
DEBUG   2021-09-16 17:15:13,498 [http-nio-5000-exec-10] com.gsu21se45.controller.AppointmentController  - Begin inside AppointmentController.getAllBySellerId()
DEBUG   2021-09-16 17:15:13,602 [http-nio-5000-exec-10] com.gsu21se45.controller.AppointmentController  - End inside AppointmentController.getAllBySellerId()
DEBUG   2021-09-16 17:16:15,244 [http-nio-5000-exec-4] com.gsu21se45.controller.ConversationController  - Begin inside ConversationController.getAllMessageByConversation()
DEBUG   2021-09-16 17:16:15,368 [http-nio-5000-exec-4] com.gsu21se45.controller.ConversationController  - End inside ConversationController.getAllMessageByConversation()
DEBUG   2021-09-16 17:18:00,741 [http-nio-5000-exec-2] com.gsu21se45.controller.ConversationController  - Begin inside ConversationController.getAllMessageByConversation()
DEBUG   2021-09-16 17:18:00,758 [http-nio-5000-exec-2] com.gsu21se45.controller.ConversationController  - End inside ConversationController.getAllMessageByConversation()
DEBUG   2021-09-16 17:18:08,128 [http-nio-5000-exec-7] com.gsu21se45.controller.ConversationController  - Begin inside ConversationController.getAllMessageByConversation()
DEBUG   2021-09-16 17:18:08,250 [http-nio-5000-exec-7] com.gsu21se45.controller.ConversationController  - End inside ConversationController.getAllMessageByConversation()
DEBUG   2021-09-16 17:21:45,053 [http-nio-5000-exec-2] com.gsu21se45.controller.UserController  - Begin inside UserController.get()
DEBUG   2021-09-16 17:21:45,342 [http-nio-5000-exec-2] com.gsu21se45.controller.UserController  - End inside UserController.get()
DEBUG   2021-09-16 17:23:26,313 [http-nio-5000-exec-5] com.gsu21se45.controller.UserController  - Begin inside UserController.create()
DEBUG   2021-09-16 17:23:26,608 [http-nio-5000-exec-5] com.gsu21se45.controller.UserController  - End inside UserController.create()
